2022-06-17T07:40:01+00:00 CRITICAL Uncaught Error: Call to undefined function get_posts_fields() in D:\xampp\htdocs\WP_LMS\wp-content\themes\learnpress\front-page.php:70
Stack trace:
#0 D:\xampp\htdocs\WP_LMS\wp-includes\template-loader.php(106): include()
#1 D:\xampp\htdocs\WP_LMS\wp-blog-header.php(19): require_once('D:\\xampp\\htdocs...')
#2 D:\xampp\htdocs\WP_LMS\index.php(17): require('D:\\xampp\\htdocs...')
#3 {main}
  thrown in D:\xampp\htdocs\WP_LMS\wp-content\themes\learnpress\front-page.php on line 70

2022-06-17T07:40:31+00:00 CRITICAL Uncaught Error: Call to undefined function get_posts_fields() in D:\xampp\htdocs\WP_LMS\wp-content\themes\learnpress\front-page.php:70
Stack trace:
#0 D:\xampp\htdocs\WP_LMS\wp-includes\template-loader.php(106): include()
#1 D:\xampp\htdocs\WP_LMS\wp-blog-header.php(19): require_once('D:\\xampp\\htdocs...')
#2 D:\xampp\htdocs\WP_LMS\index.php(17): require('D:\\xampp\\htdocs...')
#3 {main}
  thrown in D:\xampp\htdocs\WP_LMS\wp-content\themes\learnpress\front-page.php on line 70

2022-06-17T07:45:23+00:00 CRITICAL Uncaught Error: Call to undefined function get_posts_fields() in D:\xampp\htdocs\WP_LMS\wp-content\themes\learnpress\front-page.php:72
Stack trace:
#0 D:\xampp\htdocs\WP_LMS\wp-includes\template-loader.php(106): include()
#1 D:\xampp\htdocs\WP_LMS\wp-blog-header.php(19): require_once('D:\\xampp\\htdocs...')
#2 D:\xampp\htdocs\WP_LMS\index.php(17): require('D:\\xampp\\htdocs...')
#3 {main}
  thrown in D:\xampp\htdocs\WP_LMS\wp-content\themes\learnpress\front-page.php on line 72

2022-06-17T08:52:39+00:00 CRITICAL Uncaught Error: Cannot use object of type WP_Tax_Query as array in D:\xampp\htdocs\WP_LMS\wp-content\themes\learnpress\front-page.php:78
Stack trace:
#0 D:\xampp\htdocs\WP_LMS\wp-includes\template-loader.php(106): include()
#1 D:\xampp\htdocs\WP_LMS\wp-blog-header.php(19): require_once('D:\\xampp\\htdocs...')
#2 D:\xampp\htdocs\WP_LMS\index.php(17): require('D:\\xampp\\htdocs...')
#3 {main}
  thrown in D:\xampp\htdocs\WP_LMS\wp-content\themes\learnpress\front-page.php on line 78

2022-06-17T08:52:52+00:00 CRITICAL Object of class WP_Tax_Query could not be converted to string in D:\xampp\htdocs\WP_LMS\wp-content\themes\learnpress\front-page.php on line 78

2022-06-17T08:53:52+00:00 CRITICAL syntax error, unexpected 'endforeach' (T_ENDFOREACH), expecting end of file in D:\xampp\htdocs\WP_LMS\wp-content\themes\learnpress\front-page.php on line 83

2022-06-17T08:58:51+00:00 CRITICAL Uncaught Error: Cannot use object of type WP_Tax_Query as array in D:\xampp\htdocs\WP_LMS\wp-content\themes\learnpress\front-page.php:74
Stack trace:
#0 D:\xampp\htdocs\WP_LMS\wp-includes\template-loader.php(106): include()
#1 D:\xampp\htdocs\WP_LMS\wp-blog-header.php(19): require_once('D:\\xampp\\htdocs...')
#2 D:\xampp\htdocs\WP_LMS\index.php(17): require('D:\\xampp\\htdocs...')
#3 {main}
  thrown in D:\xampp\htdocs\WP_LMS\wp-content\themes\learnpress\front-page.php on line 74

2022-06-17T09:07:48+00:00 CRITICAL Uncaught Error: Cannot use object of type WP_Post as array in D:\xampp\htdocs\WP_LMS\wp-content\themes\learnpress\front-page.php:74
Stack trace:
#0 D:\xampp\htdocs\WP_LMS\wp-includes\template-loader.php(106): include()
#1 D:\xampp\htdocs\WP_LMS\wp-blog-header.php(19): require_once('D:\\xampp\\htdocs...')
#2 D:\xampp\htdocs\WP_LMS\index.php(17): require('D:\\xampp\\htdocs...')
#3 {main}
  thrown in D:\xampp\htdocs\WP_LMS\wp-content\themes\learnpress\front-page.php on line 74

