2022-07-05T03:17:27+00:00 CRITICAL Uncaught Error: Call to undefined function thumbnail_url() in D:\xampp\htdocs\WP_LMS\wp-content\themes\learnpress\page-blog.php:100
Stack trace:
#0 D:\xampp\htdocs\WP_LMS\wp-includes\template-loader.php(106): include()
#1 D:\xampp\htdocs\WP_LMS\wp-blog-header.php(19): require_once('D:\\xampp\\htdocs...')
#2 D:\xampp\htdocs\WP_LMS\index.php(17): require('D:\\xampp\\htdocs...')
#3 {main}
  thrown in D:\xampp\htdocs\WP_LMS\wp-content\themes\learnpress\page-blog.php on line 100

2022-07-05T03:17:39+00:00 CRITICAL Uncaught Error: Call to undefined function thumbnail_url() in D:\xampp\htdocs\WP_LMS\wp-content\themes\learnpress\page-blog.php:99
Stack trace:
#0 D:\xampp\htdocs\WP_LMS\wp-includes\template-loader.php(106): include()
#1 D:\xampp\htdocs\WP_LMS\wp-blog-header.php(19): require_once('D:\\xampp\\htdocs...')
#2 D:\xampp\htdocs\WP_LMS\index.php(17): require('D:\\xampp\\htdocs...')
#3 {main}
  thrown in D:\xampp\htdocs\WP_LMS\wp-content\themes\learnpress\page-blog.php on line 99

2022-07-05T03:17:57+00:00 CRITICAL Uncaught Error: Call to undefined function http://wp-lms.io/wp-content/uploads/2021/12/3-vi-tri-dan-dau-thuong-hieu.jpeg() in D:\xampp\htdocs\WP_LMS\wp-content\themes\learnpress\page-blog.php:99
Stack trace:
#0 D:\xampp\htdocs\WP_LMS\wp-includes\template-loader.php(106): include()
#1 D:\xampp\htdocs\WP_LMS\wp-blog-header.php(19): require_once('D:\\xampp\\htdocs...')
#2 D:\xampp\htdocs\WP_LMS\index.php(17): require('D:\\xampp\\htdocs...')
#3 {main}
  thrown in D:\xampp\htdocs\WP_LMS\wp-content\themes\learnpress\page-blog.php on line 99

2022-07-05T03:18:00+00:00 CRITICAL Uncaught Error: Call to undefined function http://wp-lms.io/wp-content/uploads/2021/12/3-vi-tri-dan-dau-thuong-hieu.jpeg() in D:\xampp\htdocs\WP_LMS\wp-content\themes\learnpress\page-blog.php:99
Stack trace:
#0 D:\xampp\htdocs\WP_LMS\wp-includes\template-loader.php(106): include()
#1 D:\xampp\htdocs\WP_LMS\wp-blog-header.php(19): require_once('D:\\xampp\\htdocs...')
#2 D:\xampp\htdocs\WP_LMS\index.php(17): require('D:\\xampp\\htdocs...')
#3 {main}
  thrown in D:\xampp\htdocs\WP_LMS\wp-content\themes\learnpress\page-blog.php on line 99

2022-07-05T03:50:35+00:00 CRITICAL Maximum execution time of 120 seconds exceeded in D:\xampp\htdocs\WP_LMS\wp-includes\Requests\IRI.php lúc line 66

2022-07-05T04:15:18+00:00 CRITICAL syntax error, unexpected 'endif' (T_ENDIF) in D:\xampp\htdocs\WP_LMS\wp-content\themes\learnpress\archive.php lúc line 44

2022-07-05T04:46:43+00:00 CRITICAL syntax error, unexpected ';', expecting ':' in D:\xampp\htdocs\WP_LMS\wp-content\themes\learnpress\archive.php lúc line 27

2022-07-05T04:46:50+00:00 CRITICAL syntax error, unexpected ';', expecting ':' in D:\xampp\htdocs\WP_LMS\wp-content\themes\learnpress\archive.php lúc line 27

2022-07-05T04:46:56+00:00 CRITICAL syntax error, unexpected 'else' (T_ELSE) in D:\xampp\htdocs\WP_LMS\wp-content\themes\learnpress\archive.php lúc line 51

